2026-01-22 16:11:22 | 🚀 Starting repository automation for 'heartytjan/buka-fresh'...
2026-01-22 16:11:26: ERROR gh repo create "$OWNER/$REPO" --$VISIBILITY --description "$DESC" --confirm (exit 1)
2026-01-22 16:12:45 | 🚀 Starting repository automation for 'heartytjan/buka-fresh'...
2026-01-22 16:12:53: ERROR gh repo create "$OWNER/$REPO" --$VISIBILITY --description "$DESC" --confirm (exit 1)
2026-01-22 16:13:36 | 🚀 Starting repository automation for 'heartyTjan/buka-fresh'...
2026-01-22 16:13:41 | ✅ Repo created under personal account
2026-01-22 16:13:42: ERROR git add . (exit 128)
2026-01-22 16:15:24 | 🚀 Starting repository automation for 'heartyTjan/buka-fresh-store'...
2026-01-22 16:15:31 | 🌀 Local Git repo initialized
2026-01-22 16:15:31 | 🔗 remote origin added
2026-01-22 16:15:36: ERROR git push -u origin main (exit 128)
2026-01-22 16:20:01 | 🚀 Starting repository automation for 'HeartyTjan/buka-fresh-store'...
2026-01-22 16:20:16 | 🌀 Local Git repo initialized
2026-01-22 16:20:17 | 🔗 remote origin added
2026-01-22 16:20:21: ERROR git push -u origin main (exit 128)
2026-01-22 17:10:17 | 🚀 Starting repository automation for 'heartytjan/bukafresh-store[D[D[D[D[Dnew[C-store'...
2026-01-22 17:18:14 | 🚀 Starting repository automation for 'heartytjan/bukafresh-darkstore[D[D[D[D[D-[C[C-store-new'...
2026-01-22 17:18:28 | 🌀 Local Git repo initialized
2026-01-22 17:18:29 | 🔗 Remote origin added
2026-01-22 17:18:30: ERROR git push -u origin main (exit 128)
2026-01-22 17:20:07 | 🚀 Starting repository automation for 'heartytjan/bukafresh-store'...
2026-01-22 17:20:17 | 🌀 Local Git repo initialized
2026-01-22 17:20:18 | 🔗 Remote origin added
2026-01-22 17:20:21: ERROR git push -u origin main (exit 128)
2026-01-22 17:26:56 | 🚀 Starting repository automation for 'heartytjan/bukafresh-store'...
2026-01-22 17:26:58 | 📦 Creating GitHub repository...
2026-01-22 17:27:03 | ✅ Repo successfully created on GitHub
